<?xml version="1.0" encoding="UTF-8"?>
<testsuite name="CinemaTests" tests="1" skipped="0" failures="0" errors="0" timestamp="2022-07-15T20:02:05" hostname="DESKTOP-IKB07O4" time="2.295">
  <properties/>
  <testcase name="start" classname="CinemaTests" time="2.295"/>
  <system-out><![CDATA[?[1;31m
Start test 1?[0m

  .   ____          _            __ _ _
 /\\ / ___'_ __ _ _(_)_ __  __ _ \ \ \ \
( ( )\___ | '_ | '_| | '_ \/ _` | \ \ \ \
 \\/  ___)| |_)| | | | | || (_| |  ) ) ) )
  '  |____| .__|_| |_|_| |_\__, | / / / /
 =========|_|==============|___/=/_/_/_/
 :: Spring Boot ::                (v2.5.6)

2022-07-15 13:02:05.775  INFO 14836 --- [    Test worker] cinema.Main                              : Starting Main using Java 17.0.3 on DESKTOP-IKB07O4 with PID 14836 (started by Skylor in C:\Users\Skylor\Desktop\code\Z\Cinema Room REST Service\Cinema Room REST Service\task)
2022-07-15 13:02:05.777  INFO 14836 --- [    Test worker] cinema.Main                              : No active profile set, falling back to default profiles: default
2022-07-15 13:02:06.718  INFO 14836 --- [    Test worker] o.s.b.w.embedded.tomcat.TomcatWebServer  : Tomcat initialized with port(s): 28852 (http)
2022-07-15 13:02:06.727  INFO 14836 --- [    Test worker] o.apache.catalina.core.StandardService   : Starting service [Tomcat]
2022-07-15 13:02:06.728  INFO 14836 --- [    Test worker] org.apache.catalina.core.StandardEngine  : Starting Servlet engine: [Apache Tomcat/9.0.54]
2022-07-15 13:02:06.793  INFO 14836 --- [    Test worker] o.a.c.c.C.[Tomcat].[localhost].[/]       : Initializing Spring embedded WebApplicationContext
2022-07-15 13:02:06.794  INFO 14836 --- [    Test worker] w.s.c.ServletWebServerApplicationContext : Root WebApplicationContext: initialization completed in 979 ms
2022-07-15 13:02:07.284  INFO 14836 --- [    Test worker] o.s.b.a.e.web.EndpointLinksResolver      : Exposing 14 endpoint(s) beneath base path '/actuator'
2022-07-15 13:02:07.321  INFO 14836 --- [    Test worker] o.s.b.w.embedded.tomcat.TomcatWebServer  : Tomcat started on port(s): 28852 (http) with context path ''
2022-07-15 13:02:07.332  INFO 14836 --- [    Test worker] cinema.Main                              : Started Main in 1.814 seconds (JVM running for 2.317)
2022-07-15 13:02:07.558  INFO 14836 --- [io-28852-exec-1] o.a.c.c.C.[Tomcat].[localhost].[/]       : Initializing Spring DispatcherServlet 'dispatcherServlet'
2022-07-15 13:02:07.558  INFO 14836 --- [io-28852-exec-1] o.s.web.servlet.DispatcherServlet        : Initializing Servlet 'dispatcherServlet'
2022-07-15 13:02:07.559  INFO 14836 --- [io-28852-exec-1] o.s.web.servlet.DispatcherServlet        : Completed initialization in 1 ms
?[1;31m
Start test 2?[0m
]]></system-out>
  <system-err><![CDATA[]]></system-err>
</testsuite>
